2025-08-21 11:28:07 - INFO - root - Gold price fetcher initialized in development mode
2025-08-21 11:28:07 - INFO - GoldPriceAsyncLogger - Starting async gold price polling every 3 seconds...
2025-08-21 11:28:08 - INFO - GoldPriceAsyncLogger - Fetched gold price successfully: {'Symbol': 'GOLD', 'Digits': 2, 'Bid': 3339.12, 'Ask': 3339.32, 'Last': 0.0}
2025-08-21 11:28:11 - INFO - GoldPriceAsyncLogger - Fetched gold price successfully: {'Symbol': 'GOLD', 'Digits': 2, 'Bid': 3339.11, 'Ask': 3339.31, 'Last': 0.0}
2025-08-21 11:28:15 - INFO - GoldPriceAsyncLogger - Fetched gold price successfully: {'Symbol': 'GOLD', 'Digits': 2, 'Bid': 3339.11, 'Ask': 3339.31, 'Last': 0.0}
2025-08-21 11:28:18 - INFO - GoldPriceAsyncLogger - Fetched gold price successfully: {'Symbol': 'GOLD', 'Digits': 2, 'Bid': 3339.1, 'Ask': 3339.3, 'Last': 0.0}
2025-08-21 11:28:22 - INFO - GoldPriceAsyncLogger - Fetched gold price successfully: {'Symbol': 'GOLD', 'Digits': 2, 'Bid': 3339.22, 'Ask': 3339.42, 'Last': 0.0}
2025-08-21 11:28:25 - INFO - GoldPriceAsyncLogger - Fetched gold price successfully: {'Symbol': 'GOLD', 'Digits': 2, 'Bid': 3339.1, 'Ask': 3339.3, 'Last': 0.0}
2025-08-21 11:28:31 - INFO - root - Gold price fetcher initialized in development mode
2025-08-21 11:28:31 - INFO - GoldPriceAsyncLogger - Starting async gold price polling every 1 seconds...
2025-08-21 11:28:32 - INFO - GoldPriceAsyncLogger - Fetched gold price successfully: {'Symbol': 'GOLD', 'Digits': 2, 'Bid': 3339.12, 'Ask': 3339.32, 'Last': 0.0}
2025-08-21 11:28:33 - INFO - GoldPriceAsyncLogger - Fetched gold price successfully: {'Symbol': 'GOLD', 'Digits': 2, 'Bid': 3339.12, 'Ask': 3339.32, 'Last': 0.0}
2025-08-21 11:28:35 - INFO - GoldPriceAsyncLogger - Fetched gold price successfully: {'Symbol': 'GOLD', 'Digits': 2, 'Bid': 3339.07, 'Ask': 3339.27, 'Last': 0.0}
2025-08-21 11:28:36 - INFO - GoldPriceAsyncLogger - Fetched gold price successfully: {'Symbol': 'GOLD', 'Digits': 2, 'Bid': 3339.02, 'Ask': 3339.22, 'Last': 0.0}
2025-08-21 11:28:38 - INFO - GoldPriceAsyncLogger - Fetched gold price successfully: {'Symbol': 'GOLD', 'Digits': 2, 'Bid': 3339.02, 'Ask': 3339.22, 'Last': 0.0}
2025-08-21 11:28:39 - INFO - GoldPriceAsyncLogger - Fetched gold price successfully: {'Symbol': 'GOLD', 'Digits': 2, 'Bid': 3339.05, 'Ask': 3339.25, 'Last': 0.0}
2025-08-21 11:28:41 - INFO - GoldPriceAsyncLogger - Fetched gold price successfully: {'Symbol': 'GOLD', 'Digits': 2, 'Bid': 3338.94, 'Ask': 3339.14, 'Last': 0.0}
2025-08-21 11:28:42 - INFO - GoldPriceAsyncLogger - Fetched gold price successfully: {'Symbol': 'GOLD', 'Digits': 2, 'Bid': 3338.93, 'Ask': 3339.13, 'Last': 0.0}
2025-08-21 11:28:43 - INFO - GoldPriceAsyncLogger - Fetched gold price successfully: {'Symbol': 'GOLD', 'Digits': 2, 'Bid': 3338.93, 'Ask': 3339.13, 'Last': 0.0}
2025-08-21 11:28:45 - INFO - GoldPriceAsyncLogger - Fetched gold price successfully: {'Symbol': 'GOLD', 'Digits': 2, 'Bid': 3338.93, 'Ask': 3339.13, 'Last': 0.0}
2025-08-21 11:28:46 - INFO - GoldPriceAsyncLogger - Fetched gold price successfully: {'Symbol': 'GOLD', 'Digits': 2, 'Bid': 3338.83, 'Ask': 3339.03, 'Last': 0.0}
2025-08-21 11:28:48 - INFO - GoldPriceAsyncLogger - Fetched gold price successfully: {'Symbol': 'GOLD', 'Digits': 2, 'Bid': 3338.85, 'Ask': 3339.05, 'Last': 0.0}
2025-08-21 11:28:49 - INFO - GoldPriceAsyncLogger - Fetched gold price successfully: {'Symbol': 'GOLD', 'Digits': 2, 'Bid': 3338.85, 'Ask': 3339.05, 'Last': 0.0}
2025-08-21 11:28:51 - INFO - GoldPriceAsyncLogger - Fetched gold price successfully: {'Symbol': 'GOLD', 'Digits': 2, 'Bid': 3338.73, 'Ask': 3338.93, 'Last': 0.0}
2025-08-21 11:28:52 - INFO - GoldPriceAsyncLogger - Fetched gold price successfully: {'Symbol': 'GOLD', 'Digits': 2, 'Bid': 3338.85, 'Ask': 3339.05, 'Last': 0.0}
2025-08-21 11:28:54 - INFO - GoldPriceAsyncLogger - Fetched gold price successfully: {'Symbol': 'GOLD', 'Digits': 2, 'Bid': 3338.83, 'Ask': 3339.03, 'Last': 0.0}
2025-08-21 11:40:24 - INFO - root - Gold price fetcher initialized in development mode
2025-08-21 11:40:24 - INFO - __main__ - Starting async gold price polling every 1 seconds...
2025-08-21 11:40:25 - INFO - __main__ - Fetched gold price successfully: {'Symbol': 'GOLD', 'Digits': 2, 'Bid': 3338.84, 'Ask': 3339.04, 'Last': 0.0}
2025-08-21 11:40:26 - INFO - __main__ - Fetched gold price successfully: {'Symbol': 'GOLD', 'Digits': 2, 'Bid': 3338.91, 'Ask': 3339.11, 'Last': 0.0}
2025-08-21 11:40:28 - INFO - __main__ - Fetched gold price successfully: {'Symbol': 'GOLD', 'Digits': 2, 'Bid': 3338.88, 'Ask': 3339.08, 'Last': 0.0}
2025-08-21 11:40:29 - INFO - __main__ - Fetched gold price successfully: {'Symbol': 'GOLD', 'Digits': 2, 'Bid': 3338.82, 'Ask': 3339.02, 'Last': 0.0}
2025-08-21 11:40:30 - INFO - __main__ - Fetched gold price successfully: {'Symbol': 'GOLD', 'Digits': 2, 'Bid': 3338.73, 'Ask': 3338.93, 'Last': 0.0}
2025-08-21 11:40:32 - INFO - __main__ - Fetched gold price successfully: {'Symbol': 'GOLD', 'Digits': 2, 'Bid': 3338.7, 'Ask': 3338.9, 'Last': 0.0}
2025-08-21 11:40:33 - INFO - __main__ - Fetched gold price successfully: {'Symbol': 'GOLD', 'Digits': 2, 'Bid': 3338.7, 'Ask': 3338.9, 'Last': 0.0}
2025-08-21 11:40:35 - INFO - __main__ - Fetched gold price successfully: {'Symbol': 'GOLD', 'Digits': 2, 'Bid': 3338.7, 'Ask': 3338.9, 'Last': 0.0}
2025-08-21 11:40:36 - INFO - __main__ - Fetched gold price successfully: {'Symbol': 'GOLD', 'Digits': 2, 'Bid': 3338.76, 'Ask': 3338.96, 'Last': 0.0}
2025-08-21 15:16:43 - INFO - root - Gold price fetcher initialized in development mode
2025-08-21 15:16:43 - INFO - __main__ - Starting async gold price polling every 1 seconds...
2025-08-21 15:18:38 - INFO - root - Gold price fetcher initialized in development mode
2025-08-21 15:18:38 - INFO - __main__ - Starting async gold price polling every 1 seconds...
2025-08-21 15:19:10 - INFO - root - Gold price fetcher initialized in development mode
2025-08-21 15:19:10 - INFO - __main__ - Starting async gold price polling every 0 seconds...
2025-08-21 15:19:29 - INFO - root - Gold price fetcher initialized in development mode
2025-08-21 15:19:29 - INFO - __main__ - Starting async gold price polling every 0 seconds...
2025-08-21 15:29:28 - INFO - root - Gold price fetcher initialized in development mode
2025-08-21 15:29:28 - INFO - asyncio - Starting async price polling every 0 seconds...
2025-08-21 16:45:44 - INFO - root - Gold price fetcher initialized in development mode
2025-08-21 16:45:57 - INFO - test - Client connected
2025-08-21 16:46:26 - INFO - test - Client disconnected
2025-08-21 16:46:27 - INFO - root - Gold price fetcher initialized in development mode
2025-08-21 16:46:34 - INFO - test - Client connected
2025-08-21 17:00:24 - INFO - test - Client disconnected
2025-08-21 17:00:25 - INFO - root - Gold price fetcher initialized in development mode
2025-08-21 17:00:30 - INFO - test - Client connected
2025-08-21 17:00:41 - ERROR - test - Error in price loop: 
2025-08-21 17:00:41 - ERROR - test - Fatal WebSocket error: Cannot call "send" once a close message has been sent.
2025-08-21 17:39:11 - INFO - root - Gold price fetcher initialized in development mode
2025-08-21 17:39:11 - INFO - test - Starting price fetcher task
2025-08-21 17:39:17 - INFO - test - Client connected. Total clients: 1
2025-08-21 17:40:52 - WARNING - test - Failed to send to a client: 
2025-08-21 17:41:16 - INFO - root - Gold price fetcher initialized in development mode
2025-08-21 17:41:16 - INFO - test - Starting price fetcher task
2025-08-21 17:41:16 - INFO - test - Client connected. Total clients: 1
2025-08-21 17:41:16 - ERROR - asyncio - Task was destroyed but it is pending!
task: <Task pending name='Task-8' coro=<WebSocketServerProtocol.handler() running at C:\Users\bdora\AppData\Local\Programs\Python\Python312\Lib\site-packages\websockets\legacy\server.py:236> wait_for=<Future pending cb=[shield.<locals>._outer_done_callback() at C:\Users\bdora\AppData\Local\Programs\Python\Python312\Lib\asyncio\tasks.py:922, Task.task_wakeup()]>>
2025-08-21 17:41:16 - ERROR - asyncio - Task was destroyed but it is pending!
task: <Task pending name='Task-11' coro=<WebSocketCommonProtocol.transfer_data() running at C:\Users\bdora\AppData\Local\Programs\Python\Python312\Lib\site-packages\websockets\legacy\protocol.py:945> wait_for=<Future pending cb=[Task.task_wakeup()]> cb=[Task.task_wakeup()]>
2025-08-21 17:41:16 - ERROR - asyncio - Task was destroyed but it is pending!
task: <Task pending name='Task-12' coro=<WebSocketCommonProtocol.keepalive_ping() running at C:\Users\bdora\AppData\Local\Programs\Python\Python312\Lib\site-packages\websockets\legacy\protocol.py:1234> wait_for=<Future pending cb=[Task.task_wakeup()]>>
2025-08-21 17:41:16 - ERROR - asyncio - Task was destroyed but it is pending!
task: <Task pending name='Task-13' coro=<WebSocketCommonProtocol.close_connection() running at C:\Users\bdora\AppData\Local\Programs\Python\Python312\Lib\site-packages\websockets\legacy\protocol.py:1279> wait_for=<Task pending name='Task-11' coro=<WebSocketCommonProtocol.transfer_data() running at C:\Users\bdora\AppData\Local\Programs\Python\Python312\Lib\site-packages\websockets\legacy\protocol.py:945> wait_for=<Future pending cb=[Task.task_wakeup()]> cb=[Task.task_wakeup()]>>
2025-08-21 17:41:16 - ERROR - asyncio - Task was destroyed but it is pending!
task: <Task pending name='Task-9' coro=<WebSocketProtocol.run_asgi() running at C:\Users\bdora\AppData\Local\Programs\Python\Python312\Lib\site-packages\uvicorn\protocols\websockets\websockets_impl.py:244> wait_for=<Future pending cb=[Task.task_wakeup()]> cb=[WebSocketProtocol.on_task_complete()]>
2025-08-21 17:41:20 - INFO - root - Gold price fetcher initialized in development mode
2025-08-21 17:41:20 - INFO - test - Starting price fetcher task
2025-08-21 17:41:24 - INFO - test - Client connected. Total clients: 1
2025-08-21 17:42:43 - INFO - test - Client connected. Total clients: 2
2025-08-21 17:42:46 - INFO - test - Client connected. Total clients: 3
2025-08-21 17:42:54 - WARNING - test - Failed to send to a client: 
2025-08-21 17:45:58 - WARNING - test - Failed to send to a client: 
2025-08-21 17:45:58 - WARNING - test - Failed to send to a client: 
2025-08-21 17:46:45 - INFO - root - Gold price fetcher initialized in development mode
2025-08-21 17:46:45 - INFO - test - Starting price fetcher task
2025-08-21 17:46:50 - INFO - test - Client connected. Total clients: 1
2025-08-21 17:46:57 - INFO - test - Client connected. Total clients: 2
2025-08-21 17:47:05 - INFO - test - Client connected. Total clients: 3
2025-08-21 17:47:08 - INFO - test - Client connected. Total clients: 4
2025-08-21 17:47:14 - WARNING - test - Failed to send to client: 
2025-08-21 17:47:28 - WARNING - test - Failed to send to client: 
2025-08-21 17:48:28 - WARNING - test - Failed to send to client: 
2025-08-21 17:48:35 - WARNING - test - Failed to send to client: 
2025-08-21 17:48:42 - INFO - test - Client connected. Total clients: 1
2025-08-21 17:48:48 - WARNING - test - Failed to send to client: 
2025-08-21 18:09:32 - INFO - root - Gold price fetcher initialized in development mode
2025-08-21 18:09:32 - INFO - app.main - Starting price fetcher task
2025-08-21 18:10:25 - INFO - app.websocket_manager - Client connected. Total clients: 1
2025-08-21 18:10:39 - INFO - app.websocket_manager - Client connected. Total clients: 2
2025-08-21 18:10:57 - WARNING - app.websocket_manager - Failed to send to client: 
2025-08-21 18:10:57 - INFO - app.websocket_manager - Client disconnected. Total clients: 1
2025-08-21 18:11:19 - WARNING - app.websocket_manager - Failed to send to client: 
2025-08-21 18:11:19 - INFO - app.websocket_manager - Client disconnected. Total clients: 0
2025-08-21 18:14:45 - INFO - root - Gold price fetcher initialized in development mode
2025-08-21 18:14:45 - INFO - app.main - Starting price fetcher task
2025-08-21 18:14:45 - ERROR - app.utils.price_fetcher - Attempt 1/3 failed for GOLD: None/GOLD
2025-08-21 18:14:45 - ERROR - app.utils.price_fetcher - Attempt 1/3 failed for SILVER: None/SILVER
2025-08-21 18:14:47 - ERROR - app.utils.price_fetcher - Attempt 2/3 failed for GOLD: None/GOLD
2025-08-21 18:14:47 - ERROR - app.utils.price_fetcher - Attempt 2/3 failed for SILVER: None/SILVER
2025-08-21 18:14:51 - ERROR - app.utils.price_fetcher - Attempt 3/3 failed for SILVER: None/SILVER
2025-08-21 18:14:51 - ERROR - app.utils.price_fetcher - Attempt 3/3 failed for GOLD: None/GOLD
2025-08-21 18:15:00 - ERROR - app.utils.price_fetcher - Attempt 1/3 failed for GOLD: None/GOLD
2025-08-21 18:15:00 - ERROR - app.utils.price_fetcher - Attempt 1/3 failed for SILVER: None/SILVER
2025-08-21 18:15:02 - ERROR - app.utils.price_fetcher - Attempt 2/3 failed for GOLD: None/GOLD
2025-08-21 18:15:02 - ERROR - app.utils.price_fetcher - Attempt 2/3 failed for SILVER: None/SILVER
2025-08-21 18:15:06 - ERROR - app.utils.price_fetcher - Attempt 3/3 failed for SILVER: None/SILVER
2025-08-21 18:15:06 - ERROR - app.utils.price_fetcher - Attempt 3/3 failed for GOLD: None/GOLD
2025-08-21 18:15:07 - INFO - root - Gold price fetcher initialized in development mode
2025-08-21 18:15:07 - INFO - app.main - Starting price fetcher task
2025-08-21 18:15:07 - ERROR - app.utils.price_fetcher - Attempt 1/3 failed for GOLD: None/GOLD
2025-08-21 18:15:07 - ERROR - app.utils.price_fetcher - Attempt 1/3 failed for SILVER: None/SILVER
2025-08-21 18:15:09 - ERROR - app.utils.price_fetcher - Attempt 2/3 failed for GOLD: None/GOLD
2025-08-21 18:15:09 - ERROR - app.utils.price_fetcher - Attempt 2/3 failed for SILVER: None/SILVER
2025-08-21 18:15:13 - ERROR - app.utils.price_fetcher - Attempt 3/3 failed for SILVER: None/SILVER
2025-08-21 18:15:13 - ERROR - app.utils.price_fetcher - Attempt 3/3 failed for GOLD: None/GOLD
2025-08-21 18:15:21 - ERROR - app.utils.price_fetcher - Attempt 1/3 failed for GOLD: None/GOLD
2025-08-21 18:15:21 - ERROR - app.utils.price_fetcher - Attempt 1/3 failed for SILVER: None/SILVER
2025-08-21 18:15:23 - ERROR - app.utils.price_fetcher - Attempt 2/3 failed for GOLD: None/GOLD
2025-08-21 18:15:23 - ERROR - app.utils.price_fetcher - Attempt 2/3 failed for SILVER: None/SILVER
2025-08-21 18:15:27 - ERROR - app.utils.price_fetcher - Attempt 3/3 failed for SILVER: None/SILVER
2025-08-21 18:15:27 - ERROR - app.utils.price_fetcher - Attempt 3/3 failed for GOLD: None/GOLD
2025-08-21 18:15:36 - ERROR - app.utils.price_fetcher - Attempt 1/3 failed for GOLD: None/GOLD
2025-08-21 18:15:36 - ERROR - app.utils.price_fetcher - Attempt 1/3 failed for SILVER: None/SILVER
2025-08-21 18:15:38 - ERROR - app.utils.price_fetcher - Attempt 2/3 failed for GOLD: None/GOLD
2025-08-21 18:15:38 - ERROR - app.utils.price_fetcher - Attempt 2/3 failed for SILVER: None/SILVER
2025-08-21 18:15:42 - ERROR - app.utils.price_fetcher - Attempt 3/3 failed for SILVER: None/SILVER
2025-08-21 18:15:42 - ERROR - app.utils.price_fetcher - Attempt 3/3 failed for GOLD: None/GOLD
2025-08-21 18:15:50 - ERROR - app.utils.price_fetcher - Attempt 1/3 failed for GOLD: None/GOLD
2025-08-21 18:15:50 - ERROR - app.utils.price_fetcher - Attempt 1/3 failed for SILVER: None/SILVER
2025-08-21 18:15:52 - ERROR - app.utils.price_fetcher - Attempt 2/3 failed for GOLD: None/GOLD
2025-08-21 18:15:52 - ERROR - app.utils.price_fetcher - Attempt 2/3 failed for SILVER: None/SILVER
2025-08-21 18:15:56 - ERROR - app.utils.price_fetcher - Attempt 3/3 failed for GOLD: None/GOLD
2025-08-21 18:15:56 - ERROR - app.utils.price_fetcher - Attempt 3/3 failed for SILVER: None/SILVER
2025-08-21 18:16:05 - ERROR - app.utils.price_fetcher - Attempt 1/3 failed for GOLD: None/GOLD
2025-08-21 18:16:05 - ERROR - app.utils.price_fetcher - Attempt 1/3 failed for SILVER: None/SILVER
2025-08-21 18:16:07 - ERROR - app.utils.price_fetcher - Attempt 2/3 failed for GOLD: None/GOLD
2025-08-21 18:16:07 - ERROR - app.utils.price_fetcher - Attempt 2/3 failed for SILVER: None/SILVER
2025-08-21 18:16:11 - ERROR - app.utils.price_fetcher - Attempt 3/3 failed for SILVER: None/SILVER
2025-08-21 18:16:11 - ERROR - app.utils.price_fetcher - Attempt 3/3 failed for GOLD: None/GOLD
2025-08-21 18:16:19 - ERROR - app.utils.price_fetcher - Attempt 1/3 failed for GOLD: None/GOLD
2025-08-21 18:16:19 - ERROR - app.utils.price_fetcher - Attempt 1/3 failed for SILVER: None/SILVER
2025-08-21 18:16:21 - ERROR - app.utils.price_fetcher - Attempt 2/3 failed for GOLD: None/GOLD
2025-08-21 18:16:21 - ERROR - app.utils.price_fetcher - Attempt 2/3 failed for SILVER: None/SILVER
2025-08-21 18:16:25 - ERROR - app.utils.price_fetcher - Attempt 3/3 failed for SILVER: None/SILVER
2025-08-21 18:16:25 - ERROR - app.utils.price_fetcher - Attempt 3/3 failed for GOLD: None/GOLD
2025-08-21 18:16:34 - ERROR - app.utils.price_fetcher - Attempt 1/3 failed for GOLD: None/GOLD
2025-08-21 18:16:34 - ERROR - app.utils.price_fetcher - Attempt 1/3 failed for SILVER: None/SILVER
2025-08-21 18:16:36 - ERROR - app.utils.price_fetcher - Attempt 2/3 failed for GOLD: None/GOLD
2025-08-21 18:16:36 - ERROR - app.utils.price_fetcher - Attempt 2/3 failed for SILVER: None/SILVER
2025-08-21 18:16:40 - ERROR - app.utils.price_fetcher - Attempt 3/3 failed for GOLD: None/GOLD
2025-08-21 18:16:40 - ERROR - app.utils.price_fetcher - Attempt 3/3 failed for SILVER: None/SILVER
2025-08-21 18:16:48 - ERROR - app.utils.price_fetcher - Attempt 1/3 failed for GOLD: None/GOLD
2025-08-21 18:16:48 - ERROR - app.utils.price_fetcher - Attempt 1/3 failed for SILVER: None/SILVER
2025-08-21 18:16:50 - ERROR - app.utils.price_fetcher - Attempt 2/3 failed for GOLD: None/GOLD
2025-08-21 18:16:50 - ERROR - app.utils.price_fetcher - Attempt 2/3 failed for SILVER: None/SILVER
2025-08-21 18:16:55 - ERROR - app.utils.price_fetcher - Attempt 3/3 failed for GOLD: None/GOLD
2025-08-21 18:16:55 - ERROR - app.utils.price_fetcher - Attempt 3/3 failed for SILVER: None/SILVER
2025-08-21 18:17:03 - ERROR - app.utils.price_fetcher - Attempt 1/3 failed for GOLD: None/GOLD
2025-08-21 18:17:03 - ERROR - app.utils.price_fetcher - Attempt 1/3 failed for SILVER: None/SILVER
2025-08-21 18:17:05 - ERROR - app.utils.price_fetcher - Attempt 2/3 failed for GOLD: None/GOLD
2025-08-21 18:17:05 - ERROR - app.utils.price_fetcher - Attempt 2/3 failed for SILVER: None/SILVER
2025-08-21 18:17:09 - ERROR - app.utils.price_fetcher - Attempt 3/3 failed for GOLD: None/GOLD
2025-08-21 18:17:09 - ERROR - app.utils.price_fetcher - Attempt 3/3 failed for SILVER: None/SILVER
2025-08-21 18:17:18 - ERROR - app.utils.price_fetcher - Attempt 1/3 failed for GOLD: None/GOLD
2025-08-21 18:17:18 - ERROR - app.utils.price_fetcher - Attempt 1/3 failed for SILVER: None/SILVER
2025-08-21 18:17:20 - ERROR - app.utils.price_fetcher - Attempt 2/3 failed for GOLD: None/GOLD
2025-08-21 18:17:20 - ERROR - app.utils.price_fetcher - Attempt 2/3 failed for SILVER: None/SILVER
2025-08-21 18:17:24 - ERROR - app.utils.price_fetcher - Attempt 3/3 failed for SILVER: None/SILVER
2025-08-21 18:17:24 - ERROR - app.utils.price_fetcher - Attempt 3/3 failed for GOLD: None/GOLD
2025-08-21 18:17:32 - ERROR - app.utils.price_fetcher - Attempt 1/3 failed for GOLD: None/GOLD
2025-08-21 18:17:32 - ERROR - app.utils.price_fetcher - Attempt 1/3 failed for SILVER: None/SILVER
2025-08-21 18:17:34 - ERROR - app.utils.price_fetcher - Attempt 2/3 failed for GOLD: None/GOLD
2025-08-21 18:17:34 - ERROR - app.utils.price_fetcher - Attempt 2/3 failed for SILVER: None/SILVER
2025-08-21 18:17:38 - ERROR - app.utils.price_fetcher - Attempt 3/3 failed for GOLD: None/GOLD
2025-08-21 18:17:38 - ERROR - app.utils.price_fetcher - Attempt 3/3 failed for SILVER: None/SILVER
2025-08-21 18:17:47 - ERROR - app.utils.price_fetcher - Attempt 1/3 failed for GOLD: None/GOLD
2025-08-21 18:17:47 - ERROR - app.utils.price_fetcher - Attempt 1/3 failed for SILVER: None/SILVER
2025-08-21 18:17:49 - ERROR - app.utils.price_fetcher - Attempt 2/3 failed for GOLD: None/GOLD
2025-08-21 18:17:49 - ERROR - app.utils.price_fetcher - Attempt 2/3 failed for SILVER: None/SILVER
2025-08-21 18:17:50 - INFO - root - Gold price fetcher initialized in development mode
2025-08-21 18:17:50 - INFO - app.main - Starting price fetcher task
2025-08-21 18:17:50 - INFO - app.utils.price_fetcher - Loaded BASE_URL=None
2025-08-21 18:17:50 - ERROR - app.utils.price_fetcher - Attempt 1/3 failed for GOLD: None/GOLD
2025-08-21 18:17:50 - INFO - app.utils.price_fetcher - Loaded BASE_URL=None
2025-08-21 18:17:50 - ERROR - app.utils.price_fetcher - Attempt 1/3 failed for SILVER: None/SILVER
2025-08-21 18:17:52 - ERROR - app.utils.price_fetcher - Attempt 2/3 failed for GOLD: None/GOLD
2025-08-21 18:17:52 - ERROR - app.utils.price_fetcher - Attempt 2/3 failed for SILVER: None/SILVER
2025-08-21 18:17:56 - ERROR - app.utils.price_fetcher - Attempt 3/3 failed for SILVER: None/SILVER
2025-08-21 18:17:56 - ERROR - app.utils.price_fetcher - Attempt 3/3 failed for GOLD: None/GOLD
2025-08-21 18:18:38 - INFO - root - Gold price fetcher initialized in development mode
2025-08-21 18:18:38 - INFO - app.main - Starting price fetcher task
2025-08-21 18:18:38 - INFO - app.utils.price_fetcher - Loaded BASE_URL=https://portal.arakkalmarkets.com/getprice
2025-08-21 18:18:38 - INFO - app.utils.price_fetcher - Loaded BASE_URL=https://portal.arakkalmarkets.com/getprice
2025-08-21 18:18:40 - INFO - app.utils.price_fetcher - Loaded BASE_URL=https://portal.arakkalmarkets.com/getprice
2025-08-21 18:18:40 - INFO - app.utils.price_fetcher - Loaded BASE_URL=https://portal.arakkalmarkets.com/getprice
2025-08-21 18:18:41 - INFO - app.utils.price_fetcher - Loaded BASE_URL=https://portal.arakkalmarkets.com/getprice
2025-08-21 18:18:41 - INFO - app.utils.price_fetcher - Loaded BASE_URL=https://portal.arakkalmarkets.com/getprice
2025-08-21 18:18:42 - INFO - app.utils.price_fetcher - Loaded BASE_URL=https://portal.arakkalmarkets.com/getprice
2025-08-21 18:18:42 - INFO - app.utils.price_fetcher - Loaded BASE_URL=https://portal.arakkalmarkets.com/getprice
2025-08-21 18:18:43 - INFO - app.utils.price_fetcher - Loaded BASE_URL=https://portal.arakkalmarkets.com/getprice
2025-08-21 18:18:43 - INFO - app.utils.price_fetcher - Loaded BASE_URL=https://portal.arakkalmarkets.com/getprice
2025-08-21 18:18:44 - INFO - app.utils.price_fetcher - Loaded BASE_URL=https://portal.arakkalmarkets.com/getprice
2025-08-21 18:18:44 - INFO - app.utils.price_fetcher - Loaded BASE_URL=https://portal.arakkalmarkets.com/getprice
2025-08-21 18:18:45 - INFO - app.utils.price_fetcher - Loaded BASE_URL=https://portal.arakkalmarkets.com/getprice
2025-08-21 18:18:45 - INFO - app.utils.price_fetcher - Loaded BASE_URL=https://portal.arakkalmarkets.com/getprice
2025-08-21 18:18:46 - INFO - app.utils.price_fetcher - Loaded BASE_URL=https://portal.arakkalmarkets.com/getprice
2025-08-21 18:18:46 - INFO - app.utils.price_fetcher - Loaded BASE_URL=https://portal.arakkalmarkets.com/getprice
2025-08-21 18:18:47 - INFO - app.utils.price_fetcher - Loaded BASE_URL=https://portal.arakkalmarkets.com/getprice
2025-08-21 18:18:47 - INFO - app.utils.price_fetcher - Loaded BASE_URL=https://portal.arakkalmarkets.com/getprice
2025-08-21 18:18:48 - INFO - app.utils.price_fetcher - Loaded BASE_URL=https://portal.arakkalmarkets.com/getprice
2025-08-21 18:18:48 - INFO - app.utils.price_fetcher - Loaded BASE_URL=https://portal.arakkalmarkets.com/getprice
2025-08-21 18:18:59 - INFO - root - Gold price fetcher initialized in development mode
2025-08-21 18:18:59 - INFO - app.main - Starting price fetcher task
2025-08-21 18:19:14 - INFO - app.websocket_manager - Client connected. Total clients: 1
2025-08-21 18:19:19 - INFO - app.websocket_manager - Client connected. Total clients: 2
2025-08-21 18:19:22 - INFO - app.websocket_manager - Client connected. Total clients: 3
2025-08-21 18:19:38 - WARNING - app.websocket_manager - Failed to send to client: 
2025-08-21 18:19:38 - INFO - app.websocket_manager - Client disconnected. Total clients: 2
2025-08-21 18:19:39 - WARNING - app.websocket_manager - Failed to send to client: 
2025-08-21 18:19:39 - WARNING - app.websocket_manager - Failed to send to client: 
2025-08-21 18:19:39 - INFO - app.websocket_manager - Client disconnected. Total clients: 1
2025-08-21 18:19:39 - INFO - app.websocket_manager - Client disconnected. Total clients: 0
2025-08-21 18:26:42 - INFO - root - Gold price fetcher initialized in development mode
2025-08-21 18:27:01 - INFO - app.websocket_manager - Client connected. Total clients: 1
2025-08-21 18:27:11 - INFO - app.websocket_manager - Client connected. Total clients: 2
2025-08-21 18:27:14 - WARNING - app.websocket_manager - Failed to send to client: 
2025-08-21 18:27:14 - WARNING - app.websocket_manager - Failed to send to client: 
2025-08-21 18:27:14 - INFO - app.websocket_manager - Client disconnected. Total clients: 1
2025-08-21 18:27:14 - INFO - app.websocket_manager - Client disconnected. Total clients: 0
2025-08-21 18:31:03 - INFO - root - Gold price fetcher initialized in development mode
2025-08-21 18:31:52 - INFO - root - Gold price fetcher initialized in development mode
2025-08-21 18:32:00 - INFO - root - Gold price fetcher initialized in development mode
2025-08-21 18:32:26 - INFO - root - Gold price fetcher initialized in development mode
2025-08-21 18:35:54 - INFO - root - Gold price fetcher initialized in development mode
2025-08-21 18:36:00 - INFO - app.websocket_manager - Client connected. Total clients: 1
2025-08-21 18:43:22 - WARNING - app.websocket_manager - Failed to send to client: 
2025-08-21 18:43:22 - INFO - app.websocket_manager - Client disconnected. Total clients: 0
2025-08-21 18:44:12 - INFO - root - Gold price fetcher initialized in development mode
2025-08-21 18:44:12 - INFO - app.websocket_manager - Client connected. Total clients: 1
2025-08-21 18:44:12 - INFO - app.websocket_manager - Client connected. Total clients: 2
2025-08-21 18:44:12 - INFO - app.websocket_manager - Client connected. Total clients: 3
2025-08-21 18:44:13 - WARNING - app.websocket_manager - Failed to send to client: 
2025-08-21 18:44:13 - WARNING - app.websocket_manager - Failed to send to client: 
2025-08-21 18:44:13 - INFO - app.websocket_manager - Client disconnected. Total clients: 2
2025-08-21 18:44:13 - INFO - app.websocket_manager - Client disconnected. Total clients: 1
2025-08-21 18:44:18 - INFO - app.websocket_manager - Client connected. Total clients: 2
2025-08-21 18:44:18 - WARNING - app.websocket_manager - Failed to send to client: 
2025-08-21 18:44:18 - INFO - app.websocket_manager - Client disconnected. Total clients: 1
2025-08-21 18:50:05 - INFO - app.websocket_manager - Client connected. Total clients: 2
2025-08-21 18:50:08 - INFO - app.websocket_manager - Client connected. Total clients: 3
2025-08-21 18:50:13 - WARNING - app.websocket_manager - Failed to send to client: 
2025-08-21 18:50:13 - INFO - app.websocket_manager - Client disconnected. Total clients: 2
2025-08-21 18:50:14 - WARNING - app.websocket_manager - Failed to send to client: 
2025-08-21 18:50:14 - INFO - app.websocket_manager - Client disconnected. Total clients: 1
2025-08-21 18:50:15 - WARNING - app.websocket_manager - Failed to send to client: 
2025-08-21 18:50:15 - INFO - app.websocket_manager - Client disconnected. Total clients: 0
2025-08-21 18:53:35 - INFO - root - Gold price fetcher initialized in development mode
2025-08-21 18:53:58 - INFO - app.websocket_manager - Client connected. Total clients: 1
2025-08-21 18:54:33 - WARNING - app.websocket_manager - Failed to send to client: 
2025-08-21 18:54:33 - INFO - app.websocket_manager - Client disconnected. Total clients: 0
